<?xml version="1.0" encoding="UTF-8"?>
<testng-results ignored="0" total="1" passed="1" failed="0" skipped="0">
  <reporter-output>
  </reporter-output>
  <suite started-at="2023-03-21T21:56:30 MYT" name="Default suite" finished-at="2023-03-21T21:56:30 MYT" duration-ms="53">
    <groups>
    </groups>
    <test started-at="2023-03-21T21:56:30 MYT" name="Default test" finished-at="2023-03-21T21:56:30 MYT" duration-ms="53">
      <class name="testCases.TestCaseOne">
        <test-method signature="testOne()[pri:0, instance:testCases.TestCaseOne@56a6d5a6]" started-at="2023-03-21T21:56:30 MYT" name="testOne" finished-at="2023-03-21T21:56:30 MYT" duration-ms="7" status="PASS">
          <reporter-output>
          </reporter-output>
        </test-method> <!-- testOne -->
      </class> <!-- testCases.TestCaseOne -->
    </test> <!-- Default test -->
  </suite> <!-- Default suite -->
</testng-results>
